<?xml version="1.0" encoding="UTF-8"?>
<!-- Generated by org.testng.reporters.JUnitXMLReporter -->
<testsuite ignored="1" hostname="kemas" failures="0" tests="5" name="Test" time="77.76" errors="0" timestamp="2022-12-13T15:59:40 IST">
  <testcase classname="com.mohs10.scripts.HomeTest" name="BlogbtnTestCase" time="14.643"/>
  <testcase classname="com.mohs10.scripts.HomeTest" name="CategoriesTest" time="13.622"/>
  <testcase classname="com.mohs10.scripts.HomeTest" name="InvalidLogInTestCase" time="8.041"/>
  <testcase classname="com.mohs10.scripts.HomeTest" name="LoginPageTestCase" time="9.259"/>
  <testcase classname="com.mohs10.Report.PDFReportTest" name="PDFreports" time="23.479"/>
  <testcase classname="com.mohs10.base.StartBrowser" name="@BeforeTest generateReport" time="0.0">
    <ignored/>
  </testcase> <!-- @BeforeTest generateReport -->
</testsuite> <!-- Test -->
