<?xml version="1.0" encoding="UTF-8"?>
<!-- Generated by org.testng.reporters.JUnitXMLReporter -->
<testsuite hostname="kemas" ignored="0" name="Test" tests="5" failures="0" timestamp="2022-11-01T12:39:05 IST" time="73.792" errors="0">
  <testcase name="BlogbtnTestCase" time="15.013" classname="com.mohs10.scripts.HomeTest"/>
  <testcase name="CategoriesTest" time="17.125" classname="com.mohs10.scripts.HomeTest"/>
  <testcase name="InvalidLogInTestCase" time="9.439" classname="com.mohs10.scripts.HomeTest"/>
  <testcase name="LoginPageTestCase" time="14.644" classname="com.mohs10.scripts.HomeTest"/>
  <testcase name="NewsbtnTestCase" time="10.358" classname="com.mohs10.scripts.HomeTest"/>
</testsuite> <!-- Test -->
