<?xml version="1.0" encoding="UTF-8"?>
<testng-results ignored="1" total="6" passed="5" failed="0" skipped="0">
  <reporter-output>
  </reporter-output>
  <suite started-at="2022-12-13T15:58:22 IST" name="Suite" finished-at="2022-12-13T15:59:40 IST" duration-ms="77760">
    <groups>
    </groups>
    <test started-at="2022-12-13T15:58:22 IST" name="Test" finished-at="2022-12-13T15:59:40 IST" duration-ms="77760">
      <class name="com.mohs10.Report.PDFReportTest">
        <test-method is-config="true" signature="beforeClass()[pri:0, instance:com.mohs10.Report.PDFReportTest@1be2019a]" started-at="2022-12-13T15:59:14 IST" name="beforeClass" finished-at="2022-12-13T15:59:16 IST" duration-ms="1966" status="PASS">
          <reporter-output>
          </reporter-output>
        </test-method> <!-- beforeClass -->
        <test-method is-config="true" signature="methodName(java.lang.reflect.Method)[pri:0, instance:com.mohs10.Report.PDFReportTest@1be2019a]" started-at="2022-12-13T15:59:16 IST" name="methodName" finished-at="2022-12-13T15:59:16 IST" duration-ms="1" status="PASS">
          <params>
            <param index="0">
              <value>
                <![CDATA[public void com.mohs10.Report.PDFReportTest.PDFreports() throws java.net.MalformedURLException,java.io.FileNotFoundException]]>
              </value>
            </param>
          </params>
          <reporter-output>
          </reporter-output>
        </test-method> <!-- methodName -->
        <test-method signature="PDFreports()[pri:0, instance:com.mohs10.Report.PDFReportTest@1be2019a]" started-at="2022-12-13T15:59:16 IST" name="PDFreports" finished-at="2022-12-13T15:59:40 IST" duration-ms="23479" status="PASS">
          <reporter-output>
          </reporter-output>
        </test-method> <!-- PDFreports -->
        <test-method is-config="true" signature="afterClass()[pri:0, instance:com.mohs10.Report.PDFReportTest@1be2019a]" started-at="2022-12-13T15:59:40 IST" name="afterClass" finished-at="2022-12-13T15:59:40 IST" duration-ms="89" status="PASS">
          <reporter-output>
          </reporter-output>
        </test-method> <!-- afterClass -->
      </class> <!-- com.mohs10.Report.PDFReportTest -->
      <class name="com.mohs10.scripts.HomeTest">
        <test-method is-config="true" signature="generateReport()[pri:0, instance:com.mohs10.scripts.HomeTest@34bde49d]" started-at="2022-12-13T15:58:22 IST" name="generateReport" finished-at="2022-12-13T15:58:23 IST" duration-ms="740" status="PASS">
          <reporter-output>
          </reporter-output>
        </test-method> <!-- generateReport -->
        <test-method is-config="true" signature="beforeClass()[pri:0, instance:com.mohs10.scripts.HomeTest@34bde49d]" started-at="2022-12-13T15:58:23 IST" name="beforeClass" finished-at="2022-12-13T15:58:28 IST" duration-ms="4494" status="PASS">
          <reporter-output>
          </reporter-output>
        </test-method> <!-- beforeClass -->
        <test-method is-config="true" signature="methodName(java.lang.reflect.Method)[pri:0, instance:com.mohs10.scripts.HomeTest@34bde49d]" started-at="2022-12-13T15:58:28 IST" name="methodName" finished-at="2022-12-13T15:58:28 IST" duration-ms="10" status="PASS">
          <params>
            <param index="0">
              <value>
                <![CDATA[public void com.mohs10.scripts.HomeTest.BlogbtnTestCase() throws java.lang.Exception]]>
              </value>
            </param>
          </params>
          <reporter-output>
          </reporter-output>
        </test-method> <!-- methodName -->
        <test-method signature="BlogbtnTestCase()[pri:0, instance:com.mohs10.scripts.HomeTest@34bde49d]" started-at="2022-12-13T15:58:28 IST" name="BlogbtnTestCase" finished-at="2022-12-13T15:58:42 IST" duration-ms="14643" status="PASS">
          <reporter-output>
          </reporter-output>
        </test-method> <!-- BlogbtnTestCase -->
        <test-method is-config="true" signature="methodName(java.lang.reflect.Method)[pri:0, instance:com.mohs10.scripts.HomeTest@34bde49d]" started-at="2022-12-13T15:58:42 IST" name="methodName" finished-at="2022-12-13T15:58:42 IST" duration-ms="1" status="PASS">
          <params>
            <param index="0">
              <value>
                <![CDATA[public void com.mohs10.scripts.HomeTest.CategoriesTest() throws java.lang.Exception]]>
              </value>
            </param>
          </params>
          <reporter-output>
          </reporter-output>
        </test-method> <!-- methodName -->
        <test-method signature="CategoriesTest()[pri:0, instance:com.mohs10.scripts.HomeTest@34bde49d]" started-at="2022-12-13T15:58:42 IST" name="CategoriesTest" finished-at="2022-12-13T15:58:56 IST" duration-ms="13622" status="PASS">
          <reporter-output>
          </reporter-output>
        </test-method> <!-- CategoriesTest -->
        <test-method is-config="true" signature="methodName(java.lang.reflect.Method)[pri:0, instance:com.mohs10.scripts.HomeTest@34bde49d]" started-at="2022-12-13T15:58:56 IST" name="methodName" finished-at="2022-12-13T15:58:56 IST" duration-ms="1" status="PASS">
          <params>
            <param index="0">
              <value>
                <![CDATA[public void com.mohs10.scripts.HomeTest.InvalidLogInTestCase() throws java.lang.Exception]]>
              </value>
            </param>
          </params>
          <reporter-output>
          </reporter-output>
        </test-method> <!-- methodName -->
        <test-method signature="InvalidLogInTestCase()[pri:0, instance:com.mohs10.scripts.HomeTest@34bde49d]" started-at="2022-12-13T15:58:56 IST" name="InvalidLogInTestCase" finished-at="2022-12-13T15:59:04 IST" duration-ms="8041" status="PASS">
          <reporter-output>
          </reporter-output>
        </test-method> <!-- InvalidLogInTestCase -->
        <test-method is-config="true" signature="methodName(java.lang.reflect.Method)[pri:0, instance:com.mohs10.scripts.HomeTest@34bde49d]" started-at="2022-12-13T15:59:04 IST" name="methodName" finished-at="2022-12-13T15:59:04 IST" duration-ms="2" status="PASS">
          <params>
            <param index="0">
              <value>
                <![CDATA[public void com.mohs10.scripts.HomeTest.LoginPageTestCase() throws java.lang.Exception]]>
              </value>
            </param>
          </params>
          <reporter-output>
          </reporter-output>
        </test-method> <!-- methodName -->
        <test-method signature="LoginPageTestCase()[pri:0, instance:com.mohs10.scripts.HomeTest@34bde49d]" started-at="2022-12-13T15:59:04 IST" name="LoginPageTestCase" finished-at="2022-12-13T15:59:13 IST" duration-ms="9259" status="PASS">
          <reporter-output>
          </reporter-output>
        </test-method> <!-- LoginPageTestCase -->
        <test-method is-config="true" signature="afterClass()[pri:0, instance:com.mohs10.scripts.HomeTest@34bde49d]" started-at="2022-12-13T15:59:13 IST" name="afterClass" finished-at="2022-12-13T15:59:14 IST" duration-ms="1316" status="PASS">
          <reporter-output>
          </reporter-output>
        </test-method> <!-- afterClass -->
      </class> <!-- com.mohs10.scripts.HomeTest -->
    </test> <!-- Test -->
  </suite> <!-- Suite -->
</testng-results>
