<?xml version="1.0" encoding="UTF-8"?>
<!-- Generated by org.testng.reporters.JUnitXMLReporter -->
<testsuite ignored="0" hostname="kemas" failures="0" tests="4" name="Default test" time="48.534" errors="0" timestamp="2022-12-13T14:00:46 IST">
  <testcase classname="com.mohs10.scripts.HomeTest" name="BlogbtnTestCase" time="12.791"/>
  <testcase classname="com.mohs10.scripts.HomeTest" name="CategoriesTest" time="12.287"/>
  <testcase classname="com.mohs10.scripts.HomeTest" name="InvalidLogInTestCase" time="7.439"/>
  <testcase classname="com.mohs10.scripts.HomeTest" name="LoginPageTestCase" time="9.402"/>
</testsuite> <!-- Default test -->
